<?xml version="1.0" encoding="UTF-8"?>
<!-- Generated by org.testng.reporters.JUnitReportReporter -->
<testsuite hostname="Akash" failures="0" tests="1" name="com.make.time.count.A" time="1.362" errors="0" timestamp="2023-12-28T15:07:08 IST" skipped="0">
  <testcase classname="com.make.time.count.A" name="loginPage" time="1.362"/>
</testsuite> <!-- com.make.time.count.A -->
